[
  {
    "line": 2,
    "elements": [
      {
        "start_timestamp": "2025-01-15T01:40:03.714Z",
        "before": [
          {
            "result": {
              "duration": 2762881500,
              "status": "passed"
            },
            "match": {
              "location": "Hooks.setUp(Scenario)"
            }
          }
        ],
        "line": 22,
        "name": "Verifies trend deals adding to cart",
        "description": "",
        "id": "home-page-test;verifies-trend-deals-adding-to-cart",
        "after": [
          {
            "result": {
              "duration": 108737667,
              "status": "passed"
            },
            "match": {
              "location": "Hooks.tearDown()"
            }
          }
        ],
        "type": "scenario",
        "keyword": "Scenario",
        "steps": [
          {
            "result": {
              "duration": 843398750,
              "status": "passed"
            },
            "line": 23,
            "name": "User opens home page",
            "match": {
              "location": "HomePage_STEPS.user_opens_home_page()"
            },
            "keyword": "Given "
          },
          {
            "result": {
              "error_message": "org.openqa.selenium.TimeoutException: Expected condition failed: waiting for visibility of Proxy element for: DefaultElementLocator \u0027By.xpath: /html[1]/body[1]/div[1]/div[1]/div[3]/div[4]/div[1]/div[8]/div[1]/div[2]/div[1]/ul[1]/li[1]/span\u0027 (tried for 20 second(s) with 500 milliseconds interval)\n\tat org.openqa.selenium.support.ui.WebDriverWait.timeoutException(WebDriverWait.java:84)\n\tat org.openqa.selenium.support.ui.FluentWait.until(FluentWait.java:228)\n\tat utils.SeleniumUtils.waitForClickability(SeleniumUtils.java:27)\n\tat utils.SeleniumUtils.click(SeleniumUtils.java:46)\n\tat step_definitions.step_impl.HomePage_impl.clickTrendDeal(HomePage_impl.java:71)\n\tat step_definitions.HomePage_STEPS.user_click_trend_deal_product(HomePage_STEPS.java:54)\n\tat âœ½.User click \"first\" trend deal product(file:src/test/resources/features/HomePage.feature:24)\nCaused by: org.openqa.selenium.NoSuchElementException: no such element: Unable to locate element: {\"method\":\"xpath\",\"selector\":\"/html[1]/body[1]/div[1]/div[1]/div[3]/div[4]/div[1]/div[8]/div[1]/div[2]/div[1]/ul[1]/li[1]/span\"}\n  (Session info: chrome\u003d131.0.6778.266)\nFor documentation on this error, please visit: https://www.selenium.dev/documentation/webdriver/troubleshooting/errors#no-such-element-exception\nBuild info: version: \u00274.27.0\u0027, revision: \u0027d6e718d134\u0027\nSystem info: os.name: \u0027Mac OS X\u0027, os.arch: \u0027aarch64\u0027, os.version: \u002715.2\u0027, java.version: \u002717.0.6\u0027\nDriver info: org.openqa.selenium.chrome.ChromeDriver\nCommand: [47678241d7767d532184adcfcb17ad9a, findElement {value\u003d/html[1]/body[1]/div[1]/div[1]/div[3]/div[4]/div[1]/div[8]/div[1]/div[2]/div[1]/ul[1]/li[1]/span, using\u003dxpath}]\nCapabilities {acceptInsecureCerts: false, browserName: chrome, browserVersion: 131.0.6778.266, chrome: {chromedriverVersion: 131.0.6778.264 (2d05e315153..., userDataDir: /var/folders/bc/m9_kjk456gs...}, fedcm:accounts: true, goog:chromeOptions: {debuggerAddress: localhost:49950}, networkConnectionEnabled: false, pageLoadStrategy: normal, platformName: mac, proxy: Proxy(), se:cdp: ws://localhost:49950/devtoo..., se:cdpVersion: 131.0.6778.266, setWindowRect: true, strictFileInteractability: false, timeouts: {implicit: 0, pageLoad: 300000, script: 30000}, unhandledPromptBehavior: dismiss and notify, webauthn:extension:credBlob: true, webauthn:extension:largeBlob: true, webauthn:extension:minPinLength: true, webauthn:extension:prf: true, webauthn:virtualAuthenticators: true}\nSession ID: 47678241d7767d532184adcfcb17ad9a\n\tat java.base/jdk.internal.reflect.NativeConstructorAccessorImpl.newInstance0(Native Method)\n\tat java.base/jdk.internal.reflect.NativeConstructorAccessorImpl.newInstance(NativeConstructorAccessorImpl.java:77)\n\tat java.base/jdk.internal.reflect.DelegatingConstructorAccessorImpl.newInstance(DelegatingConstructorAccessorImpl.java:45)\n\tat java.base/java.lang.reflect.Constructor.newInstanceWithCaller(Constructor.java:499)\n\tat java.base/java.lang.reflect.Constructor.newInstance(Constructor.java:480)\n\tat org.openqa.selenium.remote.ErrorCodec.decode(ErrorCodec.java:167)\n\tat org.openqa.selenium.remote.codec.w3c.W3CHttpResponseCodec.decode(W3CHttpResponseCodec.java:138)\n\tat org.openqa.selenium.remote.codec.w3c.W3CHttpResponseCodec.decode(W3CHttpResponseCodec.java:50)\n\tat org.openqa.selenium.remote.HttpCommandExecutor.execute(HttpCommandExecutor.java:190)\n\tat org.openqa.selenium.remote.service.DriverCommandExecutor.invokeExecute(DriverCommandExecutor.java:216)\n\tat org.openqa.selenium.remote.service.DriverCommandExecutor.execute(DriverCommandExecutor.java:174)\n\tat org.openqa.selenium.remote.RemoteWebDriver.execute(RemoteWebDriver.java:545)\n\tat org.openqa.selenium.remote.ElementLocation$ElementFinder$2.findElement(ElementLocation.java:165)\n\tat org.openqa.selenium.remote.ElementLocation.findElement(ElementLocation.java:59)\n\tat org.openqa.selenium.remote.RemoteWebDriver.findElement(RemoteWebDriver.java:368)\n\tat org.openqa.selenium.remote.RemoteWebDriver.findElement(RemoteWebDriver.java:362)\n\tat org.openqa.selenium.support.pagefactory.DefaultElementLocator.findElement(DefaultElementLocator.java:68)\n\tat org.openqa.selenium.support.pagefactory.internal.LocatingElementHandler.invoke(LocatingElementHandler.java:38)\n\tat jdk.proxy2/jdk.proxy2.$Proxy22.isDisplayed(Unknown Source)\n\tat org.openqa.selenium.support.ui.ExpectedConditions.elementIfVisible(ExpectedConditions.java:304)\n\tat org.openqa.selenium.support.ui.ExpectedConditions$10.apply(ExpectedConditions.java:290)\n\tat org.openqa.selenium.support.ui.ExpectedConditions$10.apply(ExpectedConditions.java:287)\n\tat org.openqa.selenium.support.ui.FluentWait.until(FluentWait.java:203)\n\tat utils.SeleniumUtils.waitForClickability(SeleniumUtils.java:27)\n\tat utils.SeleniumUtils.click(SeleniumUtils.java:46)\n\tat step_definitions.step_impl.HomePage_impl.clickTrendDeal(HomePage_impl.java:71)\n\tat step_definitions.HomePage_STEPS.user_click_trend_deal_product(HomePage_STEPS.java:54)\n\tat java.base/jdk.internal.reflect.NativeMethodAccessorImpl.invoke0(Native Method)\n\tat java.base/jdk.internal.reflect.NativeMethodAccessorImpl.invoke(NativeMethodAccessorImpl.java:77)\n\tat java.base/jdk.internal.reflect.DelegatingMethodAccessorImpl.invoke(DelegatingMethodAccessorImpl.java:43)\n\tat java.base/java.lang.reflect.Method.invoke(Method.java:568)\n\tat cucumber.runtime.Utils$1.call(Utils.java:26)\n\tat cucumber.runtime.Timeout.timeout(Timeout.java:16)\n\tat cucumber.runtime.Utils.invoke(Utils.java:20)\n\tat cucumber.runtime.java.JavaStepDefinition.execute(JavaStepDefinition.java:57)\n\tat cucumber.runner.PickleStepDefinitionMatch.runStep(PickleStepDefinitionMatch.java:50)\n\tat cucumber.runner.TestStep.executeStep(TestStep.java:65)\n\tat cucumber.runner.TestStep.run(TestStep.java:50)\n\tat cucumber.runner.PickleStepTestStep.run(PickleStepTestStep.java:43)\n\tat cucumber.runner.TestCase.run(TestCase.java:46)\n\tat cucumber.runner.Runner.runPickle(Runner.java:50)\n\tat io.cucumber.junit.PickleRunners$NoStepDescriptions.run(PickleRunners.java:146)\n\tat io.cucumber.junit.FeatureRunner.runChild(FeatureRunner.java:68)\n\tat io.cucumber.junit.FeatureRunner.runChild(FeatureRunner.java:23)\n\tat org.junit.runners.ParentRunner$4.run(ParentRunner.java:331)\n\tat org.junit.runners.ParentRunner$1.schedule(ParentRunner.java:79)\n\tat org.junit.runners.ParentRunner.runChildren(ParentRunner.java:329)\n\tat org.junit.runners.ParentRunner.access$100(ParentRunner.java:66)\n\tat org.junit.runners.ParentRunner$2.evaluate(ParentRunner.java:293)\n\tat org.junit.runners.ParentRunner$3.evaluate(ParentRunner.java:306)\n\tat org.junit.runners.ParentRunner.run(ParentRunner.java:413)\n\tat io.cucumber.junit.Cucumber.runChild(Cucumber.java:144)\n\tat io.cucumber.junit.Cucumber.runChild(Cucumber.java:65)\n\tat org.junit.runners.ParentRunner$4.run(ParentRunner.java:331)\n\tat org.junit.runners.ParentRunner$1.schedule(ParentRunner.java:79)\n\tat org.junit.runners.ParentRunner.runChildren(ParentRunner.java:329)\n\tat org.junit.runners.ParentRunner.access$100(ParentRunner.java:66)\n\tat org.junit.runners.ParentRunner$2.evaluate(ParentRunner.java:293)\n\tat io.cucumber.junit.Cucumber$RunCucumber.evaluate(Cucumber.java:174)\n\tat org.junit.runners.ParentRunner$3.evaluate(ParentRunner.java:306)\n\tat org.junit.runners.ParentRunner.run(ParentRunner.java:413)\n\tat org.junit.runner.JUnitCore.run(JUnitCore.java:137)\n\tat com.intellij.junit4.JUnit4IdeaTestRunner.startRunnerWithArgs(JUnit4IdeaTestRunner.java:69)\n\tat com.intellij.rt.junit.IdeaTestRunner$Repeater$1.execute(IdeaTestRunner.java:38)\n\tat com.intellij.rt.execution.junit.TestsRepeater.repeat(TestsRepeater.java:11)\n\tat com.intellij.rt.junit.IdeaTestRunner$Repeater.startRunnerWithArgs(IdeaTestRunner.java:35)\n\tat com.intellij.rt.junit.JUnitStarter.prepareStreamsAndStart(JUnitStarter.java:232)\n\tat com.intellij.rt.junit.JUnitStarter.main(JUnitStarter.java:55)\n",
              "duration": 30663847750,
              "status": "failed"
            },
            "line": 24,
            "name": "User click \"first\" trend deal product",
            "match": {
              "arguments": [
                {
                  "val": "\"first\"",
                  "offset": 11
                }
              ],
              "location": "HomePage_STEPS.user_click_trend_deal_product(String)"
            },
            "keyword": "When "
          },
          {
            "result": {
              "duration": 288083,
              "status": "skipped"
            },
            "line": 25,
            "name": "User deals item adds to cart",
            "match": {
              "location": "HomePage_STEPS.user_deals_item_adds_to_cart()"
            },
            "keyword": "And "
          },
          {
            "result": {
              "duration": 229416,
              "status": "skipped"
            },
            "line": 26,
            "name": "Verifies \"Sign In\" page title",
            "match": {
              "arguments": [
                {
                  "val": "\"Sign In\"",
                  "offset": 9
                }
              ],
              "location": "HomePage_STEPS.verifies_page_title(String)"
            },
            "keyword": "Then "
          }
        ],
        "tags": [
          {
            "name": "@HomePage"
          },
          {
            "name": "@TrendDealTest"
          },
          {
            "name": "@SmokeTest"
          }
        ]
      }
    ],
    "name": "Home Page Test",
    "description": "",
    "id": "home-page-test",
    "keyword": "Feature",
    "uri": "file:src/test/resources/features/HomePage.feature",
    "tags": [
      {
        "name": "@HomePage",
        "type": "Tag",
        "location": {
          "line": 1,
          "column": 1
        }
      }
    ]
  }
]